Iteration 1 of nn5
Model Training Started for nn5_stacking_moving_window_with_stl_decomposition_smac_cocob_without_truncated_backpropagation_1
2018-11-01 09:42:00.662579: I tensorflow/core/platform/cpu_feature_guard.cc:141] Your CPU supports instructions that this TensorFlow binary was not compiled to use: AVX2 FMA
Configuration:
  gaussian_noise_stdev, Value: 0.0001
  l2_regularization, Value: 0.0001
  lstm_cell_dimension, Value: 20
  max_epoch_size, Value: 2
  max_num_epochs, Value: 15
  minibatch_size, Value: 5
  num_hidden_layers, Value: 1
  random_normal_initializer_stdev, Value: 0.0001

{'num_hidden_layers': 1, 'lstm_cell_dimension': 20, 'minibatch_size': 5, 'max_epoch_size': 2, 'max_num_epochs': 15, 'l2_regularization': 0.0001, 'gaussian_noise_stdev': 0.0001, 'random_normal_initializer_stdev': 0.0001, 'tbptt_chunk_length': None, 'optimizer_fn': <function cocob_optimizer_fn at 0x7f5ea6d49378>}
Epoch-> 0
Epoch-> 1
Epoch-> 2
Epoch-> 3
Epoch-> 4
Epoch-> 5
Epoch-> 6
Epoch-> 7
Epoch-> 8
Epoch-> 9
Epoch-> 10
Epoch-> 11
Epoch-> 12
Epoch-> 13
Epoch-> 14
SMAPE value: 0.19940346764481584
nn5_stacking_moving_window_with_stl_decomposition_smac_cocob_without_truncated_backpropagation_1
2018-11-01 09:44:13.896922: I tensorflow/core/platform/cpu_feature_guard.cc:141] Your CPU supports instructions that this TensorFlow binary was not compiled to use: AVX2 FMA
Configuration:
  gaussian_noise_stdev, Value: 0.0001730398945341366
  l2_regularization, Value: 0.00036785817100669333
  lstm_cell_dimension, Value: 24
  max_epoch_size, Value: 7
  max_num_epochs, Value: 16
  minibatch_size, Value: 8
  num_hidden_layers, Value: 2
  random_normal_initializer_stdev, Value: 0.000277295532870802

{'num_hidden_layers': 2, 'lstm_cell_dimension': 24, 'minibatch_size': 8, 'max_epoch_size': 7, 'max_num_epochs': 16, 'l2_regularization': 0.00036785817100669333, 'gaussian_noise_stdev': 0.0001730398945341366, 'random_normal_initializer_stdev': 0.000277295532870802, 'tbptt_chunk_length': None, 'optimizer_fn': <function cocob_optimizer_fn at 0x7f5ea6d49378>}
Epoch-> 0
Epoch-> 1
Epoch-> 2
Epoch-> 3
Epoch-> 4
Epoch-> 5
Epoch-> 6
Epoch-> 7
Epoch-> 8
Epoch-> 9
Epoch-> 10
Epoch-> 11
Epoch-> 12
Epoch-> 13
Epoch-> 14
Epoch-> 15
SMAPE value: 0.19945648764925344
nn5_stacking_moving_window_with_stl_decomposition_smac_cocob_without_truncated_backpropagation_1
2018-11-01 09:52:06.012433: I tensorflow/core/platform/cpu_feature_guard.cc:141] Your CPU supports instructions that this TensorFlow binary was not compiled to use: AVX2 FMA
Configuration:
  gaussian_noise_stdev, Value: 0.00017132625478203381
  l2_regularization, Value: 0.0003130109138414971
  lstm_cell_dimension, Value: 22
  max_epoch_size, Value: 2
  max_num_epochs, Value: 15
  minibatch_size, Value: 10
  num_hidden_layers, Value: 4
  random_normal_initializer_stdev, Value: 0.000641093470399009

{'num_hidden_layers': 4, 'lstm_cell_dimension': 22, 'minibatch_size': 10, 'max_epoch_size': 2, 'max_num_epochs': 15, 'l2_regularization': 0.0003130109138414971, 'gaussian_noise_stdev': 0.00017132625478203381, 'random_normal_initializer_stdev': 0.000641093470399009, 'tbptt_chunk_length': None, 'optimizer_fn': <function cocob_optimizer_fn at 0x7f5ea6d49378>}
Epoch-> 0
Epoch-> 1
Epoch-> 2
Epoch-> 3
Epoch-> 4
Epoch-> 5
Epoch-> 6
Epoch-> 7
Epoch-> 8
Epoch-> 9
Epoch-> 10
Epoch-> 11
Epoch-> 12
Epoch-> 13
Epoch-> 14
SMAPE value: 0.2120650455355644
nn5_stacking_moving_window_with_stl_decomposition_smac_cocob_without_truncated_backpropagation_1
2018-11-01 09:55:39.959071: I tensorflow/core/platform/cpu_feature_guard.cc:141] Your CPU supports instructions that this TensorFlow binary was not compiled to use: AVX2 FMA
Configuration:
  gaussian_noise_stdev, Value: 0.0004956104888706028
  l2_regularization, Value: 0.00038729075448380897
  lstm_cell_dimension, Value: 23
  max_epoch_size, Value: 7
  max_num_epochs, Value: 25
  minibatch_size, Value: 9
  num_hidden_layers, Value: 4
  random_normal_initializer_stdev, Value: 0.0005220096042730068

{'num_hidden_layers': 4, 'lstm_cell_dimension': 23, 'minibatch_size': 9, 'max_epoch_size': 7, 'max_num_epochs': 25, 'l2_regularization': 0.00038729075448380897, 'gaussian_noise_stdev': 0.0004956104888706028, 'random_normal_initializer_stdev': 0.0005220096042730068, 'tbptt_chunk_length': None, 'optimizer_fn': <function cocob_optimizer_fn at 0x7f5ea6d49378>}
Epoch-> 0
Epoch-> 1
Epoch-> 2
Epoch-> 3
Epoch-> 4
Epoch-> 5
Epoch-> 6
Epoch-> 7
Epoch-> 8
Epoch-> 9
Epoch-> 10
Epoch-> 11
Epoch-> 12
Epoch-> 13
Epoch-> 14
Epoch-> 15
Epoch-> 16
Epoch-> 17
Epoch-> 18
Epoch-> 19
Epoch-> 20
Epoch-> 21
Epoch-> 22
Epoch-> 23
Epoch-> 24
SMAPE value: 0.21610559238837318
nn5_stacking_moving_window_with_stl_decomposition_smac_cocob_without_truncated_backpropagation_1
2018-11-01 10:14:24.792026: I tensorflow/core/platform/cpu_feature_guard.cc:141] Your CPU supports instructions that this TensorFlow binary was not compiled to use: AVX2 FMA
Configuration:
  gaussian_noise_stdev, Value: 0.0005554292674846356
  l2_regularization, Value: 0.00035045801428080635
  lstm_cell_dimension, Value: 23
  max_epoch_size, Value: 6
  max_num_epochs, Value: 17
  minibatch_size, Value: 8
  num_hidden_layers, Value: 1
  random_normal_initializer_stdev, Value: 0.0006132156207695203

{'num_hidden_layers': 1, 'lstm_cell_dimension': 23, 'minibatch_size': 8, 'max_epoch_size': 6, 'max_num_epochs': 17, 'l2_regularization': 0.00035045801428080635, 'gaussian_noise_stdev': 0.0005554292674846356, 'random_normal_initializer_stdev': 0.0006132156207695203, 'tbptt_chunk_length': None, 'optimizer_fn': <function cocob_optimizer_fn at 0x7f5ea6d49378>}
Epoch-> 0
Epoch-> 1
Epoch-> 2
Epoch-> 3
Epoch-> 4
Epoch-> 5
Epoch-> 6
Epoch-> 7
Epoch-> 8
Epoch-> 9
Epoch-> 10
Epoch-> 11
Epoch-> 12
Epoch-> 13
Epoch-> 14
Epoch-> 15
Epoch-> 16
SMAPE value: 0.19689898017574756
nn5_stacking_moving_window_with_stl_decomposition_smac_cocob_without_truncated_backpropagation_1
2018-11-01 10:18:39.478281: I tensorflow/core/platform/cpu_feature_guard.cc:141] Your CPU supports instructions that this TensorFlow binary was not compiled to use: AVX2 FMA
Configuration:
  gaussian_noise_stdev, Value: 0.00016617648969145408
  l2_regularization, Value: 0.00013351362635021066
  lstm_cell_dimension, Value: 23
  max_epoch_size, Value: 6
  max_num_epochs, Value: 19
  minibatch_size, Value: 13
  num_hidden_layers, Value: 4
  random_normal_initializer_stdev, Value: 0.0005968472479013766

{'num_hidden_layers': 4, 'lstm_cell_dimension': 23, 'minibatch_size': 13, 'max_epoch_size': 6, 'max_num_epochs': 19, 'l2_regularization': 0.00013351362635021066, 'gaussian_noise_stdev': 0.00016617648969145408, 'random_normal_initializer_stdev': 0.0005968472479013766, 'tbptt_chunk_length': None, 'optimizer_fn': <function cocob_optimizer_fn at 0x7f5ea6d49378>}
Epoch-> 0
Epoch-> 1
Epoch-> 2
Epoch-> 3
Epoch-> 4
Epoch-> 5
Epoch-> 6
Epoch-> 7
Epoch-> 8
Epoch-> 9
Epoch-> 10
Epoch-> 11
Epoch-> 12
Epoch-> 13
Epoch-> 14
Epoch-> 15
Epoch-> 16
Epoch-> 17
Epoch-> 18
SMAPE value: 0.2169605793311582
nn5_stacking_moving_window_with_stl_decomposition_smac_cocob_without_truncated_backpropagation_1
2018-11-01 10:27:32.131629: I tensorflow/core/platform/cpu_feature_guard.cc:141] Your CPU supports instructions that this TensorFlow binary was not compiled to use: AVX2 FMA
Configuration:
  gaussian_noise_stdev, Value: 0.0005009578209723821
  l2_regularization, Value: 0.0006548449063342516
  lstm_cell_dimension, Value: 21
  max_epoch_size, Value: 5
  max_num_epochs, Value: 23
  minibatch_size, Value: 5
  num_hidden_layers, Value: 1
  random_normal_initializer_stdev, Value: 0.0007672906587044796

{'num_hidden_layers': 1, 'lstm_cell_dimension': 21, 'minibatch_size': 5, 'max_epoch_size': 5, 'max_num_epochs': 23, 'l2_regularization': 0.0006548449063342516, 'gaussian_noise_stdev': 0.0005009578209723821, 'random_normal_initializer_stdev': 0.0007672906587044796, 'tbptt_chunk_length': None, 'optimizer_fn': <function cocob_optimizer_fn at 0x7f5ea6d49378>}
Epoch-> 0
Epoch-> 1
Epoch-> 2
Epoch-> 3
Epoch-> 4
Epoch-> 5
Epoch-> 6
Epoch-> 7
Epoch-> 8
Epoch-> 9
Epoch-> 10
Epoch-> 11
Epoch-> 12
Epoch-> 13
Epoch-> 14
Epoch-> 15
Epoch-> 16
Epoch-> 17
Epoch-> 18
Epoch-> 19
Epoch-> 20
Epoch-> 21
Epoch-> 22
SMAPE value: 0.19405171714568178
nn5_stacking_moving_window_with_stl_decomposition_smac_cocob_without_truncated_backpropagation_1
2018-11-01 10:34:35.609932: I tensorflow/core/platform/cpu_feature_guard.cc:141] Your CPU supports instructions that this TensorFlow binary was not compiled to use: AVX2 FMA
Configuration:
  gaussian_noise_stdev, Value: 0.0004681636508766746
  l2_regularization, Value: 0.000779219076851758
  lstm_cell_dimension, Value: 24
  max_epoch_size, Value: 2
  max_num_epochs, Value: 18
  minibatch_size, Value: 8
  num_hidden_layers, Value: 1
  random_normal_initializer_stdev, Value: 0.0003157535653237308

{'num_hidden_layers': 1, 'lstm_cell_dimension': 24, 'minibatch_size': 8, 'max_epoch_size': 2, 'max_num_epochs': 18, 'l2_regularization': 0.000779219076851758, 'gaussian_noise_stdev': 0.0004681636508766746, 'random_normal_initializer_stdev': 0.0003157535653237308, 'tbptt_chunk_length': None, 'optimizer_fn': <function cocob_optimizer_fn at 0x7f5ea6d49378>}
Epoch-> 0
Epoch-> 1
Epoch-> 2
Epoch-> 3
Epoch-> 4
Epoch-> 5
Epoch-> 6
Epoch-> 7
Epoch-> 8
Epoch-> 9
Epoch-> 10
Epoch-> 11
Epoch-> 12
Epoch-> 13
Epoch-> 14
Epoch-> 15
Epoch-> 16
Epoch-> 17
SMAPE value: 0.20097774929470483
nn5_stacking_moving_window_with_stl_decomposition_smac_cocob_without_truncated_backpropagation_1
2018-11-01 10:36:15.609051: I tensorflow/core/platform/cpu_feature_guard.cc:141] Your CPU supports instructions that this TensorFlow binary was not compiled to use: AVX2 FMA
Configuration:
  gaussian_noise_stdev, Value: 0.0003233588366018482
  l2_regularization, Value: 0.000773898696114539
  lstm_cell_dimension, Value: 21
  max_epoch_size, Value: 3
  max_num_epochs, Value: 21
  minibatch_size, Value: 7
  num_hidden_layers, Value: 2
  random_normal_initializer_stdev, Value: 0.0006821503256269937

{'num_hidden_layers': 2, 'lstm_cell_dimension': 21, 'minibatch_size': 7, 'max_epoch_size': 3, 'max_num_epochs': 21, 'l2_regularization': 0.000773898696114539, 'gaussian_noise_stdev': 0.0003233588366018482, 'random_normal_initializer_stdev': 0.0006821503256269937, 'tbptt_chunk_length': None, 'optimizer_fn': <function cocob_optimizer_fn at 0x7f5ea6d49378>}
Epoch-> 0
Epoch-> 1
Epoch-> 2
Epoch-> 3
Epoch-> 4
Epoch-> 5
Epoch-> 6
Epoch-> 7
Epoch-> 8
Epoch-> 9
Epoch-> 10
Epoch-> 11
Epoch-> 12
Epoch-> 13
Epoch-> 14
Epoch-> 15
Epoch-> 16
Epoch-> 17
Epoch-> 18
Epoch-> 19
Epoch-> 20
SMAPE value: 0.20965927998934472
nn5_stacking_moving_window_with_stl_decomposition_smac_cocob_without_truncated_backpropagation_1
2018-11-01 10:41:08.642098: I tensorflow/core/platform/cpu_feature_guard.cc:141] Your CPU supports instructions that this TensorFlow binary was not compiled to use: AVX2 FMA
Configuration:
  gaussian_noise_stdev, Value: 0.00033870485333790495
  l2_regularization, Value: 0.0006060583066718488
  lstm_cell_dimension, Value: 25
  max_epoch_size, Value: 5
  max_num_epochs, Value: 21
  minibatch_size, Value: 5
  num_hidden_layers, Value: 1
  random_normal_initializer_stdev, Value: 0.0007714800570087852

{'num_hidden_layers': 1, 'lstm_cell_dimension': 25, 'minibatch_size': 5, 'max_epoch_size': 5, 'max_num_epochs': 21, 'l2_regularization': 0.0006060583066718488, 'gaussian_noise_stdev': 0.00033870485333790495, 'random_normal_initializer_stdev': 0.0007714800570087852, 'tbptt_chunk_length': None, 'optimizer_fn': <function cocob_optimizer_fn at 0x7f5ea6d49378>}
Epoch-> 0
Epoch-> 1
Epoch-> 2
Epoch-> 3
Epoch-> 4
Epoch-> 5
Epoch-> 6
Epoch-> 7
Epoch-> 8
Epoch-> 9
Epoch-> 10
Epoch-> 11
Epoch-> 12
Epoch-> 13
Epoch-> 14
Epoch-> 15
Epoch-> 16
Epoch-> 17
Epoch-> 18
Epoch-> 19
Epoch-> 20
SMAPE value: 0.19464116005176837
nn5_stacking_moving_window_with_stl_decomposition_smac_cocob_without_truncated_backpropagation_1
2018-11-01 10:47:43.029805: I tensorflow/core/platform/cpu_feature_guard.cc:141] Your CPU supports instructions that this TensorFlow binary was not compiled to use: AVX2 FMA
Configuration:
  gaussian_noise_stdev, Value: 0.0004601400149431071
  l2_regularization, Value: 0.0005589727095441415
  lstm_cell_dimension, Value: 20
  max_epoch_size, Value: 8
  max_num_epochs, Value: 18
  minibatch_size, Value: 5
  num_hidden_layers, Value: 1
  random_normal_initializer_stdev, Value: 0.0003130208365267564

{'num_hidden_layers': 1, 'lstm_cell_dimension': 20, 'minibatch_size': 5, 'max_epoch_size': 8, 'max_num_epochs': 18, 'l2_regularization': 0.0005589727095441415, 'gaussian_noise_stdev': 0.0004601400149431071, 'random_normal_initializer_stdev': 0.0003130208365267564, 'tbptt_chunk_length': None, 'optimizer_fn': <function cocob_optimizer_fn at 0x7f5ea6d49378>}
Epoch-> 0
Epoch-> 1
Epoch-> 2
Epoch-> 3
Epoch-> 4
Epoch-> 5
Epoch-> 6
Epoch-> 7
Epoch-> 8
Epoch-> 9
Epoch-> 10
Epoch-> 11
Epoch-> 12
Epoch-> 13
Epoch-> 14
Epoch-> 15
Epoch-> 16
Epoch-> 17
SMAPE value: 0.1935483691988936
nn5_stacking_moving_window_with_stl_decomposition_smac_cocob_without_truncated_backpropagation_1
2018-11-01 10:56:24.070965: I tensorflow/core/platform/cpu_feature_guard.cc:141] Your CPU supports instructions that this TensorFlow binary was not compiled to use: AVX2 FMA
Configuration:
  gaussian_noise_stdev, Value: 0.00022006637099335053
  l2_regularization, Value: 0.0002956996091703345
  lstm_cell_dimension, Value: 25
  max_epoch_size, Value: 6
  max_num_epochs, Value: 16
  minibatch_size, Value: 5
  num_hidden_layers, Value: 2
  random_normal_initializer_stdev, Value: 0.0006751387792015531

{'num_hidden_layers': 2, 'lstm_cell_dimension': 25, 'minibatch_size': 5, 'max_epoch_size': 6, 'max_num_epochs': 16, 'l2_regularization': 0.0002956996091703345, 'gaussian_noise_stdev': 0.00022006637099335053, 'random_normal_initializer_stdev': 0.0006751387792015531, 'tbptt_chunk_length': None, 'optimizer_fn': <function cocob_optimizer_fn at 0x7f5ea6d49378>}
Epoch-> 0
Epoch-> 1
Epoch-> 2
Epoch-> 3
Epoch-> 4
Epoch-> 5
Epoch-> 6
Epoch-> 7
Epoch-> 8
Epoch-> 9
Epoch-> 10
Epoch-> 11
Epoch-> 12
Epoch-> 13
Epoch-> 14
Epoch-> 15
SMAPE value: 0.19843514891260344
nn5_stacking_moving_window_with_stl_decomposition_smac_cocob_without_truncated_backpropagation_1
2018-11-01 11:06:16.359160: I tensorflow/core/platform/cpu_feature_guard.cc:141] Your CPU supports instructions that this TensorFlow binary was not compiled to use: AVX2 FMA
Configuration:
  gaussian_noise_stdev, Value: 0.0003732822597293899
  l2_regularization, Value: 0.00031892006966195247
  lstm_cell_dimension, Value: 22
  max_epoch_size, Value: 9
  max_num_epochs, Value: 24
  minibatch_size, Value: 15
  num_hidden_layers, Value: 1
  random_normal_initializer_stdev, Value: 0.0002575617682251678

{'num_hidden_layers': 1, 'lstm_cell_dimension': 22, 'minibatch_size': 15, 'max_epoch_size': 9, 'max_num_epochs': 24, 'l2_regularization': 0.00031892006966195247, 'gaussian_noise_stdev': 0.0003732822597293899, 'random_normal_initializer_stdev': 0.0002575617682251678, 'tbptt_chunk_length': None, 'optimizer_fn': <function cocob_optimizer_fn at 0x7f5ea6d49378>}
Epoch-> 0
Epoch-> 1
Epoch-> 2
Epoch-> 3
Epoch-> 4
Epoch-> 5
Epoch-> 6
Epoch-> 7
Epoch-> 8
Epoch-> 9
Epoch-> 10
Epoch-> 11
Epoch-> 12
Epoch-> 13
Epoch-> 14
Epoch-> 15
Epoch-> 16
Epoch-> 17
Epoch-> 18
Epoch-> 19
Epoch-> 20
Epoch-> 21
Epoch-> 22
Epoch-> 23
SMAPE value: 0.19393570069223642
nn5_stacking_moving_window_with_stl_decomposition_smac_cocob_without_truncated_backpropagation_1
2018-11-01 11:11:41.501141: I tensorflow/core/platform/cpu_feature_guard.cc:141] Your CPU supports instructions that this TensorFlow binary was not compiled to use: AVX2 FMA
Configuration:
  gaussian_noise_stdev, Value: 0.0004009090647067221
  l2_regularization, Value: 0.0005288048896755821
  lstm_cell_dimension, Value: 23
  max_epoch_size, Value: 9
  max_num_epochs, Value: 20
  minibatch_size, Value: 15
  num_hidden_layers, Value: 1
  random_normal_initializer_stdev, Value: 0.00041190553867267716

{'num_hidden_layers': 1, 'lstm_cell_dimension': 23, 'minibatch_size': 15, 'max_epoch_size': 9, 'max_num_epochs': 20, 'l2_regularization': 0.0005288048896755821, 'gaussian_noise_stdev': 0.0004009090647067221, 'random_normal_initializer_stdev': 0.00041190553867267716, 'tbptt_chunk_length': None, 'optimizer_fn': <function cocob_optimizer_fn at 0x7f5ea6d49378>}
Epoch-> 0
Epoch-> 1
Epoch-> 2
Epoch-> 3
Epoch-> 4
Epoch-> 5
Epoch-> 6
Epoch-> 7
Epoch-> 8
Epoch-> 9
Epoch-> 10
Epoch-> 11
Epoch-> 12
Epoch-> 13
Epoch-> 14
Epoch-> 15
Epoch-> 16
Epoch-> 17
Epoch-> 18
Epoch-> 19
SMAPE value: 0.19451411841437222
nn5_stacking_moving_window_with_stl_decomposition_smac_cocob_without_truncated_backpropagation_1
2018-11-01 11:16:12.808254: I tensorflow/core/platform/cpu_feature_guard.cc:141] Your CPU supports instructions that this TensorFlow binary was not compiled to use: AVX2 FMA
Configuration:
  gaussian_noise_stdev, Value: 0.0001304756567778851
  l2_regularization, Value: 0.00034138656903286683
  lstm_cell_dimension, Value: 20
  max_epoch_size, Value: 5
  max_num_epochs, Value: 21
  minibatch_size, Value: 7
  num_hidden_layers, Value: 2
  random_normal_initializer_stdev, Value: 0.00015558968132129314

{'num_hidden_layers': 2, 'lstm_cell_dimension': 20, 'minibatch_size': 7, 'max_epoch_size': 5, 'max_num_epochs': 21, 'l2_regularization': 0.00034138656903286683, 'gaussian_noise_stdev': 0.0001304756567778851, 'random_normal_initializer_stdev': 0.00015558968132129314, 'tbptt_chunk_length': None, 'optimizer_fn': <function cocob_optimizer_fn at 0x7f5ea6d49378>}
Epoch-> 0
Epoch-> 1
Epoch-> 2
Epoch-> 3
Epoch-> 4
Epoch-> 5
Epoch-> 6
Epoch-> 7
Epoch-> 8
Epoch-> 9
Epoch-> 10
Epoch-> 11
Epoch-> 12
Epoch-> 13
Epoch-> 14
Epoch-> 15
Epoch-> 16
Epoch-> 17
Epoch-> 18
Epoch-> 19
Epoch-> 20
SMAPE value: 0.19871440463300263
nn5_stacking_moving_window_with_stl_decomposition_smac_cocob_without_truncated_backpropagation_1
2018-11-01 11:24:05.220819: I tensorflow/core/platform/cpu_feature_guard.cc:141] Your CPU supports instructions that this TensorFlow binary was not compiled to use: AVX2 FMA
Configuration:
  gaussian_noise_stdev, Value: 0.00045045171739423596
  l2_regularization, Value: 0.0005560564522869203
  lstm_cell_dimension, Value: 20
  max_epoch_size, Value: 5
  max_num_epochs, Value: 23
  minibatch_size, Value: 14
  num_hidden_layers, Value: 1
  random_normal_initializer_stdev, Value: 0.0005770611642322194

{'num_hidden_layers': 1, 'lstm_cell_dimension': 20, 'minibatch_size': 14, 'max_epoch_size': 5, 'max_num_epochs': 23, 'l2_regularization': 0.0005560564522869203, 'gaussian_noise_stdev': 0.00045045171739423596, 'random_normal_initializer_stdev': 0.0005770611642322194, 'tbptt_chunk_length': None, 'optimizer_fn': <function cocob_optimizer_fn at 0x7f5ea6d49378>}
Epoch-> 0
Epoch-> 1
Epoch-> 2
Epoch-> 3
Epoch-> 4
Epoch-> 5
Epoch-> 6
Epoch-> 7
Epoch-> 8
Epoch-> 9
Epoch-> 10
Epoch-> 11
Epoch-> 12
Epoch-> 13
Epoch-> 14
Epoch-> 15
Epoch-> 16
Epoch-> 17
Epoch-> 18
Epoch-> 19
Epoch-> 20
Epoch-> 21
Epoch-> 22
SMAPE value: 0.1970299708292536
nn5_stacking_moving_window_with_stl_decomposition_smac_cocob_without_truncated_backpropagation_1
2018-11-01 11:27:09.547958: I tensorflow/core/platform/cpu_feature_guard.cc:141] Your CPU supports instructions that this TensorFlow binary was not compiled to use: AVX2 FMA
Configuration:
  gaussian_noise_stdev, Value: 0.000738624304695567
  l2_regularization, Value: 0.0007862580522734501
  lstm_cell_dimension, Value: 22
  max_epoch_size, Value: 10
  max_num_epochs, Value: 24
  minibatch_size, Value: 14
  num_hidden_layers, Value: 2
  random_normal_initializer_stdev, Value: 0.00011459616942308503

{'num_hidden_layers': 2, 'lstm_cell_dimension': 22, 'minibatch_size': 14, 'max_epoch_size': 10, 'max_num_epochs': 24, 'l2_regularization': 0.0007862580522734501, 'gaussian_noise_stdev': 0.000738624304695567, 'random_normal_initializer_stdev': 0.00011459616942308503, 'tbptt_chunk_length': None, 'optimizer_fn': <function cocob_optimizer_fn at 0x7f5ea6d49378>}
Epoch-> 0
Epoch-> 1
Epoch-> 2
Epoch-> 3
Epoch-> 4
Epoch-> 5
Epoch-> 6
Epoch-> 7
Epoch-> 8
Epoch-> 9
Epoch-> 10
Epoch-> 11
Epoch-> 12
Epoch-> 13
Epoch-> 14
Epoch-> 15
Epoch-> 16
Epoch-> 17
Epoch-> 18
Epoch-> 19
Epoch-> 20
Epoch-> 21
Epoch-> 22
Epoch-> 23
SMAPE value: 0.2014566040597856
nn5_stacking_moving_window_with_stl_decomposition_smac_cocob_without_truncated_backpropagation_1
2018-11-01 11:36:49.246817: I tensorflow/core/platform/cpu_feature_guard.cc:141] Your CPU supports instructions that this TensorFlow binary was not compiled to use: AVX2 FMA
Configuration:
  gaussian_noise_stdev, Value: 0.00024121873291295447
  l2_regularization, Value: 0.0006890206074973118
  lstm_cell_dimension, Value: 20
  max_epoch_size, Value: 8
  max_num_epochs, Value: 21
  minibatch_size, Value: 12
  num_hidden_layers, Value: 1
  random_normal_initializer_stdev, Value: 0.0005899079128456974

{'num_hidden_layers': 1, 'lstm_cell_dimension': 20, 'minibatch_size': 12, 'max_epoch_size': 8, 'max_num_epochs': 21, 'l2_regularization': 0.0006890206074973118, 'gaussian_noise_stdev': 0.00024121873291295447, 'random_normal_initializer_stdev': 0.0005899079128456974, 'tbptt_chunk_length': None, 'optimizer_fn': <function cocob_optimizer_fn at 0x7f5ea6d49378>}
Epoch-> 0
Epoch-> 1
Epoch-> 2
Epoch-> 3
Epoch-> 4
Epoch-> 5
Epoch-> 6
Epoch-> 7
Epoch-> 8
Epoch-> 9
Epoch-> 10
Epoch-> 11
Epoch-> 12
Epoch-> 13
Epoch-> 14
Epoch-> 15
Epoch-> 16
Epoch-> 17
Epoch-> 18
Epoch-> 19
Epoch-> 20
SMAPE value: 0.19552768092779887
nn5_stacking_moving_window_with_stl_decomposition_smac_cocob_without_truncated_backpropagation_1
2018-11-01 11:41:41.746591: I tensorflow/core/platform/cpu_feature_guard.cc:141] Your CPU supports instructions that this TensorFlow binary was not compiled to use: AVX2 FMA
Configuration:
  gaussian_noise_stdev, Value: 0.00027944243046498074
  l2_regularization, Value: 0.0006958959730899726
  lstm_cell_dimension, Value: 22
  max_epoch_size, Value: 8
  max_num_epochs, Value: 22
  minibatch_size, Value: 5
  num_hidden_layers, Value: 1
  random_normal_initializer_stdev, Value: 0.00020884826016204363

{'num_hidden_layers': 1, 'lstm_cell_dimension': 22, 'minibatch_size': 5, 'max_epoch_size': 8, 'max_num_epochs': 22, 'l2_regularization': 0.0006958959730899726, 'gaussian_noise_stdev': 0.00027944243046498074, 'random_normal_initializer_stdev': 0.00020884826016204363, 'tbptt_chunk_length': None, 'optimizer_fn': <function cocob_optimizer_fn at 0x7f5ea6d49378>}
Epoch-> 0
Epoch-> 1
Epoch-> 2
Epoch-> 3
Epoch-> 4
Epoch-> 5
Epoch-> 6
Epoch-> 7
Epoch-> 8
Epoch-> 9
Epoch-> 10
Epoch-> 11
Epoch-> 12
Epoch-> 13
Epoch-> 14
Epoch-> 15
Epoch-> 16
Epoch-> 17
Epoch-> 18
Epoch-> 19
Epoch-> 20
Epoch-> 21
SMAPE value: 0.19320362131939575
nn5_stacking_moving_window_with_stl_decomposition_smac_cocob_without_truncated_backpropagation_1
2018-11-01 11:52:18.965523: I tensorflow/core/platform/cpu_feature_guard.cc:141] Your CPU supports instructions that this TensorFlow binary was not compiled to use: AVX2 FMA
Configuration:
  gaussian_noise_stdev, Value: 0.0001632619830993576
  l2_regularization, Value: 0.0006371912466706628
  lstm_cell_dimension, Value: 22
  max_epoch_size, Value: 7
  max_num_epochs, Value: 19
  minibatch_size, Value: 9
  num_hidden_layers, Value: 1
  random_normal_initializer_stdev, Value: 0.000436530741976505

{'num_hidden_layers': 1, 'lstm_cell_dimension': 22, 'minibatch_size': 9, 'max_epoch_size': 7, 'max_num_epochs': 19, 'l2_regularization': 0.0006371912466706628, 'gaussian_noise_stdev': 0.0001632619830993576, 'random_normal_initializer_stdev': 0.000436530741976505, 'tbptt_chunk_length': None, 'optimizer_fn': <function cocob_optimizer_fn at 0x7f5ea6d49378>}
Epoch-> 0
Epoch-> 1
Epoch-> 2
Epoch-> 3
Epoch-> 4
Epoch-> 5
Epoch-> 6
Epoch-> 7
Epoch-> 8
Epoch-> 9
Epoch-> 10
Epoch-> 11
Epoch-> 12
Epoch-> 13
Epoch-> 14
Epoch-> 15
Epoch-> 16
Epoch-> 17
Epoch-> 18
SMAPE value: 0.1954881863796759
nn5_stacking_moving_window_with_stl_decomposition_smac_cocob_without_truncated_backpropagation_1
2018-11-01 11:57:15.231050: I tensorflow/core/platform/cpu_feature_guard.cc:141] Your CPU supports instructions that this TensorFlow binary was not compiled to use: AVX2 FMA
Configuration:
  gaussian_noise_stdev, Value: 0.0001637105908755938
  l2_regularization, Value: 0.0007830426995780347
  lstm_cell_dimension, Value: 22
  max_epoch_size, Value: 5
  max_num_epochs, Value: 24
  minibatch_size, Value: 7
  num_hidden_layers, Value: 1
  random_normal_initializer_stdev, Value: 0.0007233826973651101

{'num_hidden_layers': 1, 'lstm_cell_dimension': 22, 'minibatch_size': 7, 'max_epoch_size': 5, 'max_num_epochs': 24, 'l2_regularization': 0.0007830426995780347, 'gaussian_noise_stdev': 0.0001637105908755938, 'random_normal_initializer_stdev': 0.0007233826973651101, 'tbptt_chunk_length': None, 'optimizer_fn': <function cocob_optimizer_fn at 0x7f5ea6d49378>}
Epoch-> 0
Epoch-> 1
Epoch-> 2
Epoch-> 3
Epoch-> 4
Epoch-> 5
Epoch-> 6
Epoch-> 7
Epoch-> 8
Epoch-> 9
Epoch-> 10
Epoch-> 11
Epoch-> 12
Epoch-> 13
Epoch-> 14
Epoch-> 15
Epoch-> 16
Epoch-> 17
Epoch-> 18
Epoch-> 19
Epoch-> 20
Epoch-> 21
Epoch-> 22
Epoch-> 23
SMAPE value: 0.1973314347754543
nn5_stacking_moving_window_with_stl_decomposition_smac_cocob_without_truncated_backpropagation_1
2018-11-01 12:02:49.961876: I tensorflow/core/platform/cpu_feature_guard.cc:141] Your CPU supports instructions that this TensorFlow binary was not compiled to use: AVX2 FMA
Configuration:
  gaussian_noise_stdev, Value: 0.0007079676996240066
  l2_regularization, Value: 0.00020082760213928474
  lstm_cell_dimension, Value: 22
  max_epoch_size, Value: 7
  max_num_epochs, Value: 23
  minibatch_size, Value: 9
  num_hidden_layers, Value: 1
  random_normal_initializer_stdev, Value: 0.0006677108539859973

{'num_hidden_layers': 1, 'lstm_cell_dimension': 22, 'minibatch_size': 9, 'max_epoch_size': 7, 'max_num_epochs': 23, 'l2_regularization': 0.00020082760213928474, 'gaussian_noise_stdev': 0.0007079676996240066, 'random_normal_initializer_stdev': 0.0006677108539859973, 'tbptt_chunk_length': None, 'optimizer_fn': <function cocob_optimizer_fn at 0x7f5ea6d49378>}
Epoch-> 0
Epoch-> 1
Epoch-> 2
Epoch-> 3
Epoch-> 4
Epoch-> 5
Epoch-> 6
Epoch-> 7
Epoch-> 8
Epoch-> 9
Epoch-> 10
Epoch-> 11
Epoch-> 12
Epoch-> 13
Epoch-> 14
Epoch-> 15
Epoch-> 16
Epoch-> 17
Epoch-> 18
Epoch-> 19
Epoch-> 20
Epoch-> 21
Epoch-> 22
SMAPE value: 0.19350157299368675
nn5_stacking_moving_window_with_stl_decomposition_smac_cocob_without_truncated_backpropagation_1
2018-11-01 12:08:50.188990: I tensorflow/core/platform/cpu_feature_guard.cc:141] Your CPU supports instructions that this TensorFlow binary was not compiled to use: AVX2 FMA
Configuration:
  gaussian_noise_stdev, Value: 0.0007006800201394261
  l2_regularization, Value: 0.0004189465532710785
  lstm_cell_dimension, Value: 20
  max_epoch_size, Value: 9
  max_num_epochs, Value: 15
  minibatch_size, Value: 9
  num_hidden_layers, Value: 4
  random_normal_initializer_stdev, Value: 0.000496991943466408

{'num_hidden_layers': 4, 'lstm_cell_dimension': 20, 'minibatch_size': 9, 'max_epoch_size': 9, 'max_num_epochs': 15, 'l2_regularization': 0.0004189465532710785, 'gaussian_noise_stdev': 0.0007006800201394261, 'random_normal_initializer_stdev': 0.000496991943466408, 'tbptt_chunk_length': None, 'optimizer_fn': <function cocob_optimizer_fn at 0x7f5ea6d49378>}
Epoch-> 0
Epoch-> 1
Epoch-> 2
Epoch-> 3
Epoch-> 4
Epoch-> 5
Epoch-> 6
Epoch-> 7
Epoch-> 8
Epoch-> 9
Epoch-> 10
Epoch-> 11
Epoch-> 12
Epoch-> 13
Epoch-> 14
SMAPE value: 0.2159874686063864
nn5_stacking_moving_window_with_stl_decomposition_smac_cocob_without_truncated_backpropagation_1
2018-11-01 12:33:53.814209: I tensorflow/core/platform/cpu_feature_guard.cc:141] Your CPU supports instructions that this TensorFlow binary was not compiled to use: AVX2 FMA
Configuration:
  gaussian_noise_stdev, Value: 0.00016239387665386068
  l2_regularization, Value: 0.0006044180840968647
  lstm_cell_dimension, Value: 21
  max_epoch_size, Value: 6
  max_num_epochs, Value: 25
  minibatch_size, Value: 5
  num_hidden_layers, Value: 2
  random_normal_initializer_stdev, Value: 0.0001600828546913689

{'num_hidden_layers': 2, 'lstm_cell_dimension': 21, 'minibatch_size': 5, 'max_epoch_size': 6, 'max_num_epochs': 25, 'l2_regularization': 0.0006044180840968647, 'gaussian_noise_stdev': 0.00016239387665386068, 'random_normal_initializer_stdev': 0.0001600828546913689, 'tbptt_chunk_length': None, 'optimizer_fn': <function cocob_optimizer_fn at 0x7f5ea6d49378>}
Epoch-> 0
Epoch-> 1
Epoch-> 2
Epoch-> 3
Epoch-> 4
Epoch-> 5
Epoch-> 6
Epoch-> 7
Epoch-> 8
Epoch-> 9
Epoch-> 10
Epoch-> 11
Epoch-> 12
Epoch-> 13
Epoch-> 14
Epoch-> 15
Epoch-> 16
Epoch-> 17
Epoch-> 18
Epoch-> 19
Epoch-> 20
Epoch-> 21
Epoch-> 22
Epoch-> 23
Epoch-> 24
SMAPE value: 0.1968769119874291
nn5_stacking_moving_window_with_stl_decomposition_smac_cocob_without_truncated_backpropagation_1
2018-11-01 12:48:41.655834: I tensorflow/core/platform/cpu_feature_guard.cc:141] Your CPU supports instructions that this TensorFlow binary was not compiled to use: AVX2 FMA
Configuration:
  gaussian_noise_stdev, Value: 0.0007280541807090196
  l2_regularization, Value: 0.0003352223287371114
  lstm_cell_dimension, Value: 21
  max_epoch_size, Value: 10
  max_num_epochs, Value: 21
  minibatch_size, Value: 11
  num_hidden_layers, Value: 1
  random_normal_initializer_stdev, Value: 0.0004469041936215567

{'num_hidden_layers': 1, 'lstm_cell_dimension': 21, 'minibatch_size': 11, 'max_epoch_size': 10, 'max_num_epochs': 21, 'l2_regularization': 0.0003352223287371114, 'gaussian_noise_stdev': 0.0007280541807090196, 'random_normal_initializer_stdev': 0.0004469041936215567, 'tbptt_chunk_length': None, 'optimizer_fn': <function cocob_optimizer_fn at 0x7f5ea6d49378>}
Epoch-> 0
Epoch-> 1
Epoch-> 2
Epoch-> 3
Epoch-> 4
Epoch-> 5
Epoch-> 6
Epoch-> 7
Epoch-> 8
Epoch-> 9
Epoch-> 10
Epoch-> 11
Epoch-> 12
Epoch-> 13
Epoch-> 14
Epoch-> 15
Epoch-> 16
Epoch-> 17
Epoch-> 18
Epoch-> 19
Epoch-> 20
SMAPE value: 0.1899172447589569
nn5_stacking_moving_window_with_stl_decomposition_smac_cocob_without_truncated_backpropagation_1
2018-11-01 12:55:04.984069: I tensorflow/core/platform/cpu_feature_guard.cc:141] Your CPU supports instructions that this TensorFlow binary was not compiled to use: AVX2 FMA
Configuration:
  gaussian_noise_stdev, Value: 0.000650836588737693
  l2_regularization, Value: 0.00019922666494020722
  lstm_cell_dimension, Value: 24
  max_epoch_size, Value: 8
  max_num_epochs, Value: 16
  minibatch_size, Value: 14
  num_hidden_layers, Value: 2
  random_normal_initializer_stdev, Value: 0.00011033552803386124

{'num_hidden_layers': 2, 'lstm_cell_dimension': 24, 'minibatch_size': 14, 'max_epoch_size': 8, 'max_num_epochs': 16, 'l2_regularization': 0.00019922666494020722, 'gaussian_noise_stdev': 0.000650836588737693, 'random_normal_initializer_stdev': 0.00011033552803386124, 'tbptt_chunk_length': None, 'optimizer_fn': <function cocob_optimizer_fn at 0x7f5ea6d49378>}
Epoch-> 0
Epoch-> 1
Epoch-> 2
Epoch-> 3
Epoch-> 4
Epoch-> 5
Epoch-> 6
Epoch-> 7
Epoch-> 8
Epoch-> 9
Epoch-> 10
Epoch-> 11
Epoch-> 12
Epoch-> 13
Epoch-> 14
Epoch-> 15
SMAPE value: 0.19800097856204957
nn5_stacking_moving_window_with_stl_decomposition_smac_cocob_without_truncated_backpropagation_1
2018-11-01 13:00:13.478838: I tensorflow/core/platform/cpu_feature_guard.cc:141] Your CPU supports instructions that this TensorFlow binary was not compiled to use: AVX2 FMA
Configuration:
  gaussian_noise_stdev, Value: 0.0006776027906502418
  l2_regularization, Value: 0.000701882471030405
  lstm_cell_dimension, Value: 24
  max_epoch_size, Value: 10
  max_num_epochs, Value: 25
  minibatch_size, Value: 9
  num_hidden_layers, Value: 3
  random_normal_initializer_stdev, Value: 0.000637846047656671

{'num_hidden_layers': 3, 'lstm_cell_dimension': 24, 'minibatch_size': 9, 'max_epoch_size': 10, 'max_num_epochs': 25, 'l2_regularization': 0.000701882471030405, 'gaussian_noise_stdev': 0.0006776027906502418, 'random_normal_initializer_stdev': 0.000637846047656671, 'tbptt_chunk_length': None, 'optimizer_fn': <function cocob_optimizer_fn at 0x7f5ea6d49378>}
Epoch-> 0
Epoch-> 1
Epoch-> 2
Epoch-> 3
Epoch-> 4
Epoch-> 5
Epoch-> 6
Epoch-> 7
Epoch-> 8
Epoch-> 9
Epoch-> 10
Epoch-> 11
Epoch-> 12
Epoch-> 13
Epoch-> 14
Epoch-> 15
Epoch-> 16
Epoch-> 17
Epoch-> 18
Epoch-> 19
Epoch-> 20
Epoch-> 21
Epoch-> 22
Epoch-> 23
Epoch-> 24
SMAPE value: 0.2161619434906886
nn5_stacking_moving_window_with_stl_decomposition_smac_cocob_without_truncated_backpropagation_1
2018-11-01 13:20:09.481788: I tensorflow/core/platform/cpu_feature_guard.cc:141] Your CPU supports instructions that this TensorFlow binary was not compiled to use: AVX2 FMA
Configuration:
  gaussian_noise_stdev, Value: 0.0006873936293206007
  l2_regularization, Value: 0.00026246875420925096
  lstm_cell_dimension, Value: 21
  max_epoch_size, Value: 10
  max_num_epochs, Value: 21
  minibatch_size, Value: 14
  num_hidden_layers, Value: 2
  random_normal_initializer_stdev, Value: 0.0005029849179396474

{'num_hidden_layers': 2, 'lstm_cell_dimension': 21, 'minibatch_size': 14, 'max_epoch_size': 10, 'max_num_epochs': 21, 'l2_regularization': 0.00026246875420925096, 'gaussian_noise_stdev': 0.0006873936293206007, 'random_normal_initializer_stdev': 0.0005029849179396474, 'tbptt_chunk_length': None, 'optimizer_fn': <function cocob_optimizer_fn at 0x7f5ea6d49378>}
Epoch-> 0
Epoch-> 1
Epoch-> 2
Epoch-> 3
Epoch-> 4
Epoch-> 5
Epoch-> 6
Epoch-> 7
Epoch-> 8
Epoch-> 9
Epoch-> 10
Epoch-> 11
Epoch-> 12
Epoch-> 13
Epoch-> 14
Epoch-> 15
Epoch-> 16
Epoch-> 17
Epoch-> 18
Epoch-> 19
Epoch-> 20
SMAPE value: 0.19999295153788157
nn5_stacking_moving_window_with_stl_decomposition_smac_cocob_without_truncated_backpropagation_1
2018-11-01 13:28:23.039011: I tensorflow/core/platform/cpu_feature_guard.cc:141] Your CPU supports instructions that this TensorFlow binary was not compiled to use: AVX2 FMA
Configuration:
  gaussian_noise_stdev, Value: 0.0006267571590045999
  l2_regularization, Value: 0.0006926281921941612
  lstm_cell_dimension, Value: 22
  max_epoch_size, Value: 6
  max_num_epochs, Value: 25
  minibatch_size, Value: 6
  num_hidden_layers, Value: 1
  random_normal_initializer_stdev, Value: 0.0005433035997284312

{'num_hidden_layers': 1, 'lstm_cell_dimension': 22, 'minibatch_size': 6, 'max_epoch_size': 6, 'max_num_epochs': 25, 'l2_regularization': 0.0006926281921941612, 'gaussian_noise_stdev': 0.0006267571590045999, 'random_normal_initializer_stdev': 0.0005433035997284312, 'tbptt_chunk_length': None, 'optimizer_fn': <function cocob_optimizer_fn at 0x7f5ea6d49378>}
Epoch-> 0
Epoch-> 1
Epoch-> 2
Epoch-> 3
Epoch-> 4
Epoch-> 5
Epoch-> 6
Epoch-> 7
Epoch-> 8
Epoch-> 9
Epoch-> 10
Epoch-> 11
Epoch-> 12
Epoch-> 13
Epoch-> 14
Epoch-> 15
Epoch-> 16
Epoch-> 17
Epoch-> 18
Epoch-> 19
Epoch-> 20
Epoch-> 21
Epoch-> 22
Epoch-> 23
Epoch-> 24
SMAPE value: 0.19551870760164763
nn5_stacking_moving_window_with_stl_decomposition_smac_cocob_without_truncated_backpropagation_1
2018-11-01 13:35:57.667882: I tensorflow/core/platform/cpu_feature_guard.cc:141] Your CPU supports instructions that this TensorFlow binary was not compiled to use: AVX2 FMA
Configuration:
  gaussian_noise_stdev, Value: 0.0006339247123925764
  l2_regularization, Value: 0.00020159783403971173
  lstm_cell_dimension, Value: 25
  max_epoch_size, Value: 8
  max_num_epochs, Value: 25
  minibatch_size, Value: 10
  num_hidden_layers, Value: 1
  random_normal_initializer_stdev, Value: 0.0001687766872034663

{'num_hidden_layers': 1, 'lstm_cell_dimension': 25, 'minibatch_size': 10, 'max_epoch_size': 8, 'max_num_epochs': 25, 'l2_regularization': 0.00020159783403971173, 'gaussian_noise_stdev': 0.0006339247123925764, 'random_normal_initializer_stdev': 0.0001687766872034663, 'tbptt_chunk_length': None, 'optimizer_fn': <function cocob_optimizer_fn at 0x7f5ea6d49378>}
Epoch-> 0
Epoch-> 1
Epoch-> 2
Epoch-> 3
Epoch-> 4
Epoch-> 5
Epoch-> 6
Epoch-> 7
Epoch-> 8
Epoch-> 9
Epoch-> 10
Epoch-> 11
Epoch-> 12
Epoch-> 13
Epoch-> 14
Epoch-> 15
Epoch-> 16
Epoch-> 17
Epoch-> 18
Epoch-> 19
Epoch-> 20
Epoch-> 21
Epoch-> 22
Epoch-> 23
Epoch-> 24
SMAPE value: 0.1898260807991028
nn5_stacking_moving_window_with_stl_decomposition_smac_cocob_without_truncated_backpropagation_1
2018-11-01 13:42:40.862293: I tensorflow/core/platform/cpu_feature_guard.cc:141] Your CPU supports instructions that this TensorFlow binary was not compiled to use: AVX2 FMA
Configuration:
  gaussian_noise_stdev, Value: 0.00032785570156503507
  l2_regularization, Value: 0.000639163032798265
  lstm_cell_dimension, Value: 22
  max_epoch_size, Value: 10
  max_num_epochs, Value: 19
  minibatch_size, Value: 9
  num_hidden_layers, Value: 3
  random_normal_initializer_stdev, Value: 0.00026001929497105524

{'num_hidden_layers': 3, 'lstm_cell_dimension': 22, 'minibatch_size': 9, 'max_epoch_size': 10, 'max_num_epochs': 19, 'l2_regularization': 0.000639163032798265, 'gaussian_noise_stdev': 0.00032785570156503507, 'random_normal_initializer_stdev': 0.00026001929497105524, 'tbptt_chunk_length': None, 'optimizer_fn': <function cocob_optimizer_fn at 0x7f5ea6d49378>}
Epoch-> 0
Epoch-> 1
Epoch-> 2
Epoch-> 3
Epoch-> 4
Epoch-> 5
Epoch-> 6
Epoch-> 7
Epoch-> 8
Epoch-> 9
Epoch-> 10
Epoch-> 11
Epoch-> 12
Epoch-> 13
Epoch-> 14
Epoch-> 15
Epoch-> 16
Epoch-> 17
Epoch-> 18
SMAPE value: 0.1980047863625322
nn5_stacking_moving_window_with_stl_decomposition_smac_cocob_without_truncated_backpropagation_1
2018-11-01 13:57:53.270961: I tensorflow/core/platform/cpu_feature_guard.cc:141] Your CPU supports instructions that this TensorFlow binary was not compiled to use: AVX2 FMA
Configuration:
  gaussian_noise_stdev, Value: 0.0005061160666781201
  l2_regularization, Value: 0.0002861235761510455
  lstm_cell_dimension, Value: 21
  max_epoch_size, Value: 3
  max_num_epochs, Value: 21
  minibatch_size, Value: 15
  num_hidden_layers, Value: 1
  random_normal_initializer_stdev, Value: 0.00045427037961339383

{'num_hidden_layers': 1, 'lstm_cell_dimension': 21, 'minibatch_size': 15, 'max_epoch_size': 3, 'max_num_epochs': 21, 'l2_regularization': 0.0002861235761510455, 'gaussian_noise_stdev': 0.0005061160666781201, 'random_normal_initializer_stdev': 0.00045427037961339383, 'tbptt_chunk_length': None, 'optimizer_fn': <function cocob_optimizer_fn at 0x7f5ea6d49378>}
Epoch-> 0
Epoch-> 1
Epoch-> 2
Epoch-> 3
Epoch-> 4
Epoch-> 5
Epoch-> 6
Epoch-> 7
Epoch-> 8
Epoch-> 9
Epoch-> 10
Epoch-> 11
Epoch-> 12
Epoch-> 13
Epoch-> 14
Epoch-> 15
Epoch-> 16
Epoch-> 17
Epoch-> 18
Epoch-> 19
Epoch-> 20
SMAPE value: 0.20044955584619725
nn5_stacking_moving_window_with_stl_decomposition_smac_cocob_without_truncated_backpropagation_1
2018-11-01 13:59:35.390721: I tensorflow/core/platform/cpu_feature_guard.cc:141] Your CPU supports instructions that this TensorFlow binary was not compiled to use: AVX2 FMA
Configuration:
  gaussian_noise_stdev, Value: 0.0003584329459976384
  l2_regularization, Value: 0.0006589699312640066
  lstm_cell_dimension, Value: 25
  max_epoch_size, Value: 2
  max_num_epochs, Value: 24
  minibatch_size, Value: 13
  num_hidden_layers, Value: 2
  random_normal_initializer_stdev, Value: 0.000798775974488424

{'num_hidden_layers': 2, 'lstm_cell_dimension': 25, 'minibatch_size': 13, 'max_epoch_size': 2, 'max_num_epochs': 24, 'l2_regularization': 0.0006589699312640066, 'gaussian_noise_stdev': 0.0003584329459976384, 'random_normal_initializer_stdev': 0.000798775974488424, 'tbptt_chunk_length': None, 'optimizer_fn': <function cocob_optimizer_fn at 0x7f5ea6d49378>}
Epoch-> 0
Epoch-> 1
Epoch-> 2
Epoch-> 3
Epoch-> 4
Epoch-> 5
Epoch-> 6
Epoch-> 7
Epoch-> 8
Epoch-> 9
Epoch-> 10
Epoch-> 11
Epoch-> 12
Epoch-> 13
Epoch-> 14
Epoch-> 15
Epoch-> 16
Epoch-> 17
Epoch-> 18
Epoch-> 19
Epoch-> 20
Epoch-> 21
Epoch-> 22
Epoch-> 23
SMAPE value: 0.20820747219302035
nn5_stacking_moving_window_with_stl_decomposition_smac_cocob_without_truncated_backpropagation_1
2018-11-01 14:01:56.239882: I tensorflow/core/platform/cpu_feature_guard.cc:141] Your CPU supports instructions that this TensorFlow binary was not compiled to use: AVX2 FMA
Configuration:
  gaussian_noise_stdev, Value: 0.00046152364078582504
  l2_regularization, Value: 0.0004664621764567443
  lstm_cell_dimension, Value: 25
  max_epoch_size, Value: 10
  max_num_epochs, Value: 15
  minibatch_size, Value: 5
  num_hidden_layers, Value: 1
  random_normal_initializer_stdev, Value: 0.00016586221393815156

{'num_hidden_layers': 1, 'lstm_cell_dimension': 25, 'minibatch_size': 5, 'max_epoch_size': 10, 'max_num_epochs': 15, 'l2_regularization': 0.0004664621764567443, 'gaussian_noise_stdev': 0.00046152364078582504, 'random_normal_initializer_stdev': 0.00016586221393815156, 'tbptt_chunk_length': None, 'optimizer_fn': <function cocob_optimizer_fn at 0x7f5ea6d49378>}
Epoch-> 0
Epoch-> 1
Epoch-> 2
Epoch-> 3
Epoch-> 4
Epoch-> 5
Epoch-> 6
Epoch-> 7
Epoch-> 8
Epoch-> 9
Epoch-> 10
Epoch-> 11
Epoch-> 12
Epoch-> 13
Epoch-> 14
SMAPE value: 0.19219373378200807
nn5_stacking_moving_window_with_stl_decomposition_smac_cocob_without_truncated_backpropagation_1
2018-11-01 14:10:51.477910: I tensorflow/core/platform/cpu_feature_guard.cc:141] Your CPU supports instructions that this TensorFlow binary was not compiled to use: AVX2 FMA
Configuration:
  gaussian_noise_stdev, Value: 0.0006222835127255548
  l2_regularization, Value: 0.00046848138452657223
  lstm_cell_dimension, Value: 22
  max_epoch_size, Value: 3
  max_num_epochs, Value: 25
  minibatch_size, Value: 12
  num_hidden_layers, Value: 4
  random_normal_initializer_stdev, Value: 0.0004142591367007171

{'num_hidden_layers': 4, 'lstm_cell_dimension': 22, 'minibatch_size': 12, 'max_epoch_size': 3, 'max_num_epochs': 25, 'l2_regularization': 0.00046848138452657223, 'gaussian_noise_stdev': 0.0006222835127255548, 'random_normal_initializer_stdev': 0.0004142591367007171, 'tbptt_chunk_length': None, 'optimizer_fn': <function cocob_optimizer_fn at 0x7f5ea6d49378>}
Epoch-> 0
Epoch-> 1
Epoch-> 2
Epoch-> 3
Epoch-> 4
Epoch-> 5
Epoch-> 6
Epoch-> 7
Epoch-> 8
Epoch-> 9
Epoch-> 10
Epoch-> 11
Epoch-> 12
Epoch-> 13
Epoch-> 14
Epoch-> 15
Epoch-> 16
Epoch-> 17
Epoch-> 18
Epoch-> 19
Epoch-> 20
Epoch-> 21
Epoch-> 22
Epoch-> 23
Epoch-> 24
SMAPE value: 0.2165812678337097
nn5_stacking_moving_window_with_stl_decomposition_smac_cocob_without_truncated_backpropagation_1
2018-11-01 14:17:06.876025: I tensorflow/core/platform/cpu_feature_guard.cc:141] Your CPU supports instructions that this TensorFlow binary was not compiled to use: AVX2 FMA
Configuration:
  gaussian_noise_stdev, Value: 0.000587843719100616
  l2_regularization, Value: 0.0003630120527844383
  lstm_cell_dimension, Value: 24
  max_epoch_size, Value: 10
  max_num_epochs, Value: 24
  minibatch_size, Value: 9
  num_hidden_layers, Value: 1
  random_normal_initializer_stdev, Value: 0.0006449894600824203

{'num_hidden_layers': 1, 'lstm_cell_dimension': 24, 'minibatch_size': 9, 'max_epoch_size': 10, 'max_num_epochs': 24, 'l2_regularization': 0.0003630120527844383, 'gaussian_noise_stdev': 0.000587843719100616, 'random_normal_initializer_stdev': 0.0006449894600824203, 'tbptt_chunk_length': None, 'optimizer_fn': <function cocob_optimizer_fn at 0x7f5ea6d49378>}
Epoch-> 0
Epoch-> 1
Epoch-> 2
Epoch-> 3
Epoch-> 4
Epoch-> 5
Epoch-> 6
Epoch-> 7
Epoch-> 8
Epoch-> 9
Epoch-> 10
Epoch-> 11
Epoch-> 12
Epoch-> 13
Epoch-> 14
Epoch-> 15
Epoch-> 16
Epoch-> 17
Epoch-> 18
Epoch-> 19
Epoch-> 20
Epoch-> 21
Epoch-> 22
Epoch-> 23
SMAPE value: 0.1926572892146233
nn5_stacking_moving_window_with_stl_decomposition_smac_cocob_without_truncated_backpropagation_1
2018-11-01 14:25:37.764572: I tensorflow/core/platform/cpu_feature_guard.cc:141] Your CPU supports instructions that this TensorFlow binary was not compiled to use: AVX2 FMA
Configuration:
  gaussian_noise_stdev, Value: 0.00014237035166087995
  l2_regularization, Value: 0.0006856210694104274
  lstm_cell_dimension, Value: 23
  max_epoch_size, Value: 5
  max_num_epochs, Value: 25
  minibatch_size, Value: 12
  num_hidden_layers, Value: 2
  random_normal_initializer_stdev, Value: 0.00030696699096707743

{'num_hidden_layers': 2, 'lstm_cell_dimension': 23, 'minibatch_size': 12, 'max_epoch_size': 5, 'max_num_epochs': 25, 'l2_regularization': 0.0006856210694104274, 'gaussian_noise_stdev': 0.00014237035166087995, 'random_normal_initializer_stdev': 0.00030696699096707743, 'tbptt_chunk_length': None, 'optimizer_fn': <function cocob_optimizer_fn at 0x7f5ea6d49378>}
Epoch-> 0
Epoch-> 1
Epoch-> 2
Epoch-> 3
Epoch-> 4
Epoch-> 5
Epoch-> 6
Epoch-> 7
Epoch-> 8
Epoch-> 9
Epoch-> 10
Epoch-> 11
Epoch-> 12
Epoch-> 13
Epoch-> 14
Epoch-> 15
Epoch-> 16
Epoch-> 17
Epoch-> 18
Epoch-> 19
Epoch-> 20
Epoch-> 21
Epoch-> 22
Epoch-> 23
Epoch-> 24
SMAPE value: 0.1986052924990654
nn5_stacking_moving_window_with_stl_decomposition_smac_cocob_without_truncated_backpropagation_1
2018-11-01 14:31:50.254142: I tensorflow/core/platform/cpu_feature_guard.cc:141] Your CPU supports instructions that this TensorFlow binary was not compiled to use: AVX2 FMA
Configuration:
  gaussian_noise_stdev, Value: 0.0006110832056999812
  l2_regularization, Value: 0.0007812060344597875
  lstm_cell_dimension, Value: 25
  max_epoch_size, Value: 8
  max_num_epochs, Value: 23
  minibatch_size, Value: 5
  num_hidden_layers, Value: 1
  random_normal_initializer_stdev, Value: 0.0001889962068763979

{'num_hidden_layers': 1, 'lstm_cell_dimension': 25, 'minibatch_size': 5, 'max_epoch_size': 8, 'max_num_epochs': 23, 'l2_regularization': 0.0007812060344597875, 'gaussian_noise_stdev': 0.0006110832056999812, 'random_normal_initializer_stdev': 0.0001889962068763979, 'tbptt_chunk_length': None, 'optimizer_fn': <function cocob_optimizer_fn at 0x7f5ea6d49378>}
Epoch-> 0
Epoch-> 1
Epoch-> 2
Epoch-> 3
Epoch-> 4
Epoch-> 5
Epoch-> 6
Epoch-> 7
Epoch-> 8
Epoch-> 9
Epoch-> 10
Epoch-> 11
Epoch-> 12
Epoch-> 13
Epoch-> 14
Epoch-> 15
Epoch-> 16
Epoch-> 17
Epoch-> 18
Epoch-> 19
Epoch-> 20
Epoch-> 21
Epoch-> 22
SMAPE value: 0.1958806275025658
nn5_stacking_moving_window_with_stl_decomposition_smac_cocob_without_truncated_backpropagation_1
2018-11-01 14:43:57.973352: I tensorflow/core/platform/cpu_feature_guard.cc:141] Your CPU supports instructions that this TensorFlow binary was not compiled to use: AVX2 FMA
